<?xml version="1.0" encoding="UTF-8"?>
<!-- Generated by org.testng.reporters.JUnitXMLReporter -->
<testsuite hostname="Minh-Hoang" ignored="1" name="Default test" tests="2" failures="0" timestamp="06 Aug 2017 13:37:07 GMT" time="3.528" errors="0">
  <testcase name="testLoginPage" time="0.004" classname="com.mh.ta.guice.TestPerson"/>
  <testcase name="testLoginPage" time="0.005" classname="com.mh.ta.guice.TestPerson"/>
  <testcase name="test" time="0.0" classname="com.mh.ta.guice.TestPerson">
    <ignored/>
  </testcase> <!-- test -->
</testsuite> <!-- Default test -->
