<?xml version="1.0" encoding="UTF-8"?>
<!-- Generated by org.testng.reporters.JUnitXMLReporter -->
<testsuite hostname="Minh-Hoang" ignored="0" name="Default test" tests="10" failures="0" timestamp="03 Aug 2017 16:21:14 GMT" time="5.464" errors="0">
  <testcase name="test" time="0.968" classname="com.mh.ta.guice.TestPerson"/>
  <testcase name="test" time="0.955" classname="com.mh.ta.guice.TestPerson"/>
  <testcase name="test" time="0.845" classname="com.mh.ta.guice.TestPerson"/>
  <testcase name="test" time="0.72" classname="com.mh.ta.guice.TestPerson"/>
  <testcase name="test" time="0.695" classname="com.mh.ta.guice.TestPerson"/>
  <testcase name="test" time="0.906" classname="com.mh.ta.guice.TestPerson"/>
  <testcase name="test" time="0.92" classname="com.mh.ta.guice.TestPerson"/>
  <testcase name="test" time="0.93" classname="com.mh.ta.guice.TestPerson"/>
  <testcase name="test" time="0.965" classname="com.mh.ta.guice.TestPerson"/>
  <testcase name="test" time="0.972" classname="com.mh.ta.guice.TestPerson"/>
</testsuite> <!-- Default test -->
