<?xml version="1.0" encoding="UTF-8"?>
<!-- Generated by org.testng.reporters.JUnitXMLReporter -->
<testsuite hostname="minhhoang.local" ignored="2" name="Default test" tests="1" failures="0" timestamp="08 Jul 2017 17:40:39 GMT" time="0.024" errors="0">
  <testcase name="testLogin3" time="0.01" classname="com.mh.ta.login.TestLogin"/>
  <testcase name="testLogin1" time="0.0" classname="com.mh.ta.login.TestLogin">
    <ignored/>
  </testcase> <!-- testLogin1 -->
  <testcase name="testLogin2" time="0.0" classname="com.mh.ta.login.TestLogin">
    <ignored/>
  </testcase> <!-- testLogin2 -->
</testsuite> <!-- Default test -->
