<?xml version="1.0" encoding="UTF-8"?>
<!-- Generated by org.testng.reporters.JUnitXMLReporter -->
<testsuite hostname="minhhoang.local" ignored="1" name="Default test" tests="1" failures="0" timestamp="12 Jul 2017 03:02:49 GMT" time="4.657" errors="0">
  <testcase name="testLogin1" time="3.421" classname="com.mh.ta.login.TestLogin"/>
  <testcase name="testLogin2" time="0.0" classname="com.mh.ta.login.TestLogin">
    <ignored/>
  </testcase> <!-- testLogin2 -->
</testsuite> <!-- Default test -->
