<?xml version="1.0" encoding="UTF-8"?>
<testng-results skipped="0" failed="0" ignored="0" total="1" passed="1">
  <reporter-output>
  </reporter-output>
  <suite name="Default suite" duration-ms="11921" started-at="2017-07-06T06:34:00Z" finished-at="2017-07-06T06:34:12Z">
    <groups>
    </groups>
    <test name="Default test" duration-ms="11921" started-at="2017-07-06T06:34:00Z" finished-at="2017-07-06T06:34:12Z">
      <class name="com.mh.ta.TestSeleniumDriver">
        <test-method status="PASS" signature="testDriver()[pri:0, instance:com.mh.ta.TestSeleniumDriver@69ea3742]" name="testDriver" duration-ms="11906" started-at="2017-07-06T13:34:00Z" finished-at="2017-07-06T13:34:12Z">
          <reporter-output>
          </reporter-output>
        </test-method> <!-- testDriver -->
      </class> <!-- com.mh.ta.TestSeleniumDriver -->
    </test> <!-- Default test -->
  </suite> <!-- Default suite -->
</testng-results>
