<?xml version="1.0" encoding="UTF-8"?>
<!-- Generated by org.testng.reporters.JUnitXMLReporter -->
<testsuite hostname="minhhoang.local" ignored="0" name="Get Console error log Desktop" tests="3" failures="0" timestamp="01 Jul 2017 10:33:33 GMT" time="22.828" errors="0">
  <testcase name="testPageFactory" time="3.964" classname="com.mh.ta.login.TestReflection"/>
  <testcase name="testGoToGooleAndNews1" time="20.514" classname="com.mh.ta.login.TestReflection"/>
  <testcase name="testGoToGooleAndNews2" time="20.885" classname="com.mh.ta.login.TestReflection"/>
</testsuite> <!-- Get Console error log Desktop -->
