<?xml version="1.0" encoding="UTF-8"?>
<!-- Generated by org.testng.reporters.JUnitXMLReporter -->
<testsuite hostname="minhhoang.local" ignored="0" name="DriverFactory" tests="2" failures="0" timestamp="04 Jul 2017 03:23:20 GMT" time="20.422" errors="0">
  <testcase name="testChrome" time="18.633" classname="com.mh.ta.guice.factory.TestGuiceDriverFactory"/>
  <testcase name="testFirefox" time="20.404" classname="com.mh.ta.guice.factory.TestGuiceDriverFactory"/>
</testsuite> <!-- DriverFactory -->
