<?xml version="1.0" encoding="UTF-8"?>
<!-- Generated by org.testng.reporters.JUnitXMLReporter -->
<testsuite hostname="minhhoang.local" ignored="0" name="DriverFactory" tests="8" failures="0" timestamp="11 Jul 2017 10:14:31 GMT" time="2.048" errors="0">
  <testcase name="A3" time="1.012" classname="com.mh.ta.utils.TestA"/>
  <testcase name="A1" time="1.011" classname="com.mh.ta.utils.TestA"/>
  <testcase name="A4" time="1.012" classname="com.mh.ta.utils.TestA"/>
  <testcase name="A2" time="1.011" classname="com.mh.ta.utils.TestA"/>
  <testcase name="B3" time="1.007" classname="com.mh.ta.utils.TestB"/>
  <testcase name="B4" time="1.006" classname="com.mh.ta.utils.TestB"/>
  <testcase name="B1" time="1.007" classname="com.mh.ta.utils.TestB"/>
  <testcase name="B2" time="1.009" classname="com.mh.ta.utils.TestB"/>
</testsuite> <!-- DriverFactory -->
