<?xml version="1.0" encoding="UTF-8"?>
<!-- Generated by org.testng.reporters.JUnitXMLReporter -->
<testsuite hostname="minhhoang.local" ignored="0" name="ClassB" tests="4" failures="0" timestamp="11 Jul 2017 10:17:23 GMT" time="4.055" errors="0">
  <testcase name="B1" time="1.014" classname="com.mh.ta.utils.TestB"/>
  <testcase name="B2" time="1.002" classname="com.mh.ta.utils.TestB"/>
  <testcase name="B3" time="1.006" classname="com.mh.ta.utils.TestB"/>
  <testcase name="B4" time="1.005" classname="com.mh.ta.utils.TestB"/>
</testsuite> <!-- ClassB -->
