<?xml version="1.0" encoding="UTF-8"?>
<testng-results skipped="0" failed="0" ignored="0" total="2" passed="2">
  <reporter-output>
  </reporter-output>
  <suite name="Test MHTAFW" duration-ms="5916" started-at="2017-07-09T03:23:52Z" finished-at="2017-07-09T03:23:58Z">
    <groups>
    </groups>
    <test name="DriverFactory" duration-ms="5916" started-at="2017-07-09T03:23:52Z" finished-at="2017-07-09T03:23:58Z">
      <class name="com.mh.ta.login.TestLogin">
        <test-method status="PASS" signature="testLogin1()[pri:0, instance:com.mh.ta.login.TestLogin@273444fe]" name="testLogin1" duration-ms="4124" started-at="2017-07-09T10:23:52Z" finished-at="2017-07-09T10:23:57Z">
          <reporter-output>
          </reporter-output>
        </test-method> <!-- testLogin1 -->
        <test-method status="PASS" signature="testLogin2()[pri:0, instance:com.mh.ta.login.TestLogin@273444fe]" name="testLogin2" duration-ms="5899" started-at="2017-07-09T10:23:52Z" finished-at="2017-07-09T10:23:58Z">
          <reporter-output>
          </reporter-output>
        </test-method> <!-- testLogin2 -->
      </class> <!-- com.mh.ta.login.TestLogin -->
    </test> <!-- DriverFactory -->
  </suite> <!-- Test MHTAFW -->
</testng-results>
