<?xml version="1.0" encoding="UTF-8"?>
<!-- Generated by org.testng.reporters.JUnitXMLReporter -->
<testsuite hostname="Minh-Hoang" ignored="0" name="exampletest1" tests="14" failures="5" timestamp="09 Aug 2017 14:40:21 GMT" time="25.785" errors="0">
  <testcase name="TestLoginC" time="12.156" classname="com.mh.test.GUITest"/>
  <testcase name="TestLoginF" time="12.233" classname="com.mh.test.GUITest"/>
  <testcase name="TestLoginE" time="13.379" classname="com.mh.test.GUITest">
    <failure type="java.lang.AssertionError" message="expected [true] but found [false]">
      <![CDATA[java.lang.AssertionError: expected [true] but found [false]
	at com.mh.test.GUITest.TestLoginE(GUITest.java:52)
	at java.util.concurrent.FutureTask.run(FutureTask.java:266)
	at java.util.concurrent.ThreadPoolExecutor.runWorker(ThreadPoolExecutor.java:1142)
	at java.util.concurrent.ThreadPoolExecutor$Worker.run(ThreadPoolExecutor.java:617)
	at java.lang.Thread.run(Thread.java:745)
... Removed 15 stack frames]]>
    </failure>
  </testcase> <!-- TestLoginE -->
  <testcase name="TestLoginE" time="14.581" classname="com.mh.test.GUITest">
    <failure type="java.lang.AssertionError" message="expected [true] but found [false]">
      <![CDATA[java.lang.AssertionError: expected [true] but found [false]
	at com.mh.test.GUITest.TestLoginE(GUITest.java:52)
	at java.util.concurrent.FutureTask.run(FutureTask.java:266)
	at java.util.concurrent.ThreadPoolExecutor.runWorker(ThreadPoolExecutor.java:1142)
	at java.util.concurrent.ThreadPoolExecutor$Worker.run(ThreadPoolExecutor.java:617)
	at java.lang.Thread.run(Thread.java:745)
... Removed 15 stack frames]]>
    </failure>
  </testcase> <!-- TestLoginE -->
  <testcase name="TestLoginG" time="13.839" classname="com.mh.test.GUITest"/>
  <testcase name="TestLoginE" time="16.709" classname="com.mh.test.GUITest">
    <failure type="java.lang.AssertionError" message="expected [true] but found [false]">
      <![CDATA[java.lang.AssertionError: expected [true] but found [false]
	at com.mh.test.GUITest.TestLoginE(GUITest.java:52)
	at java.util.concurrent.FutureTask.run(FutureTask.java:266)
	at java.util.concurrent.ThreadPoolExecutor.runWorker(ThreadPoolExecutor.java:1142)
	at java.util.concurrent.ThreadPoolExecutor$Worker.run(ThreadPoolExecutor.java:617)
	at java.lang.Thread.run(Thread.java:745)
... Removed 15 stack frames]]>
    </failure>
  </testcase> <!-- TestLoginE -->
  <testcase name="TestLoginE" time="19.029" classname="com.mh.test.GUITest">
    <failure type="java.lang.AssertionError" message="expected [true] but found [false]">
      <![CDATA[java.lang.AssertionError: expected [true] but found [false]
	at com.mh.test.GUITest.TestLoginE(GUITest.java:52)
	at java.util.concurrent.FutureTask.run(FutureTask.java:266)
	at java.util.concurrent.ThreadPoolExecutor.runWorker(ThreadPoolExecutor.java:1142)
	at java.util.concurrent.ThreadPoolExecutor$Worker.run(ThreadPoolExecutor.java:617)
	at java.lang.Thread.run(Thread.java:745)
... Removed 15 stack frames]]>
    </failure>
  </testcase> <!-- TestLoginE -->
  <testcase name="testLoginA" time="17.859" classname="com.mh.test.GUITest"/>
  <testcase name="TestLoginE" time="17.376" classname="com.mh.test.GUITest">
    <failure type="java.lang.AssertionError" message="expected [true] but found [false]">
      <![CDATA[java.lang.AssertionError: expected [true] but found [false]
	at com.mh.test.GUITest.TestLoginE(GUITest.java:52)
	at java.util.concurrent.FutureTask.run(FutureTask.java:266)
	at java.util.concurrent.ThreadPoolExecutor.runWorker(ThreadPoolExecutor.java:1142)
	at java.util.concurrent.ThreadPoolExecutor$Worker.run(ThreadPoolExecutor.java:617)
	at java.lang.Thread.run(Thread.java:745)
... Removed 15 stack frames]]>
    </failure>
  </testcase> <!-- TestLoginE -->
  <testcase name="TestLoginD" time="18.749" classname="com.mh.test.GUITest"/>
  <testcase name="TestLoginG" time="18.701" classname="com.mh.test.GUITest"/>
  <testcase name="TestLoginB" time="19.195" classname="com.mh.test.GUITest"/>
  <testcase name="testLoginA" time="20.554" classname="com.mh.test.GUITest"/>
  <testcase name="testLoginA" time="20.93" classname="com.mh.test.GUITest"/>
</testsuite> <!-- exampletest1 -->
