<?xml version="1.0" encoding="UTF-8"?>
<!-- Generated by org.testng.reporters.JUnitXMLReporter -->
<testsuite hostname="Minh-Hoang" ignored="1" name="exampletest4" tests="2" failures="0" timestamp="06 Aug 2017 13:20:05 GMT" time="21.242" errors="0">
  <testcase name="testLoginPage" time="14.241" classname="com.mh.ta.guice.TestPerson"/>
  <testcase name="testLoginPage" time="16.475" classname="com.mh.ta.guice.TestPerson"/>
  <testcase name="test" time="0.0" classname="com.mh.ta.guice.TestPerson">
    <ignored/>
  </testcase> <!-- test -->
</testsuite> <!-- exampletest4 -->
