<?xml version="1.0" encoding="UTF-8"?>
<!-- Generated by org.testng.reporters.JUnitXMLReporter -->
<testsuite hostname="Minh-Hoang" ignored="1" name="exampletest1" tests="2" failures="0" timestamp="06 Aug 2017 13:20:10 GMT" time="25.693" errors="0">
  <testcase name="testLoginPage" time="17.28" classname="com.mh.ta.guice.TestPerson"/>
  <testcase name="testLoginPage" time="20.938" classname="com.mh.ta.guice.TestPerson"/>
  <testcase name="test" time="0.0" classname="com.mh.ta.guice.TestPerson">
    <ignored/>
  </testcase> <!-- test -->
</testsuite> <!-- exampletest1 -->
