<?xml version="1.0" encoding="UTF-8"?>
<!-- Generated by org.testng.reporters.JUnitXMLReporter -->
<testsuite hostname="Minh-Hoang" ignored="0" name="LOGIN FF" tests="1" failures="0" timestamp="05 Aug 2017 10:57:32 GMT" time="0.015" errors="0">
  <testcase name="@BeforeMethod createDriver" time="0.004" classname="com.mh.ta.guice.TestConfig">
    <failure type="com.google.inject.ProvisionException" message="Unable to provision, see the following errors:

1) A binding to com.mh.ta.driver.DriverManager was already configured at com.mh.ta.factory.WebDriverFactory$2.configure(WebDriverFactory.java:59).
  at com.mh.ta.factory.WebDriverFactory$2.configure(WebDriverFactory.java:59)
  at com.mh.ta.test.pages.LoginPage.&amp;lt;init&amp;gt;(LoginPage.java:5)
  while locating com.mh.ta.test.pages.LoginPage
    for field at com.mh.ta.guice.TestConfig.login(TestConfig.java:21)
  while locating com.mh.ta.guice.TestConfig

2) A binding to com.mh.ta.driver.DriverManager was already configured at com.mh.ta.factory.WebDriverFactory$2.configure(WebDriverFactory.java:59).
  at com.mh.ta.factory.WebDriverFactory$2.configure(WebDriverFactory.java:59)
  at com.mh.ta.keywords.WebKeywords.&amp;lt;init&amp;gt;(WebKeywords.java:12)
  while locating com.mh.ta.keywords.WebKeywords
    for field at com.mh.ta.guice.TestConfig.kw(TestConfig.java:21)
  while locating com.mh.ta.guice.TestConfig

2 errors">
      <![CDATA[com.google.inject.ProvisionException: Unable to provision, see the following errors:

1) A binding to com.mh.ta.driver.DriverManager was already configured at com.mh.ta.factory.WebDriverFactory$2.configure(WebDriverFactory.java:59).
  at com.mh.ta.factory.WebDriverFactory$2.configure(WebDriverFactory.java:59)
  at com.mh.ta.test.pages.LoginPage.<init>(LoginPage.java:5)
  while locating com.mh.ta.test.pages.LoginPage
    for field at com.mh.ta.guice.TestConfig.login(TestConfig.java:21)
  while locating com.mh.ta.guice.TestConfig

2) A binding to com.mh.ta.driver.DriverManager was already configured at com.mh.ta.factory.WebDriverFactory$2.configure(WebDriverFactory.java:59).
  at com.mh.ta.factory.WebDriverFactory$2.configure(WebDriverFactory.java:59)
  at com.mh.ta.keywords.WebKeywords.<init>(WebKeywords.java:12)
  while locating com.mh.ta.keywords.WebKeywords
    for field at com.mh.ta.guice.TestConfig.kw(TestConfig.java:21)
  while locating com.mh.ta.guice.TestConfig

2 errors
	at com.google.inject.internal.Errors.throwProvisionExceptionIfErrorsExist(Errors.java:486)
	at com.google.inject.internal.MembersInjectorImpl.injectMembers(MembersInjectorImpl.java:67)
	at com.google.inject.internal.InjectorImpl.injectMembers(InjectorImpl.java:987)
	at com.mh.ta.factory.GuiceInjectFactory.injectToClass(GuiceInjectFactory.java:29)
	at com.mh.ta.guice.TestConfig.createDriver(TestConfig.java:41)
	at java.util.concurrent.ThreadPoolExecutor.runWorker(ThreadPoolExecutor.java:1142)
	at java.util.concurrent.ThreadPoolExecutor$Worker.run(ThreadPoolExecutor.java:617)
	at java.lang.Thread.run(Thread.java:745)
... Removed 12 stack frames]]>
    </failure>
  </testcase> <!-- @BeforeMethod createDriver -->
  <testcase name="testConfig" time="0.0" classname="com.mh.ta.guice.TestConfig">
    <skipped/>
  </testcase> <!-- testConfig -->
</testsuite> <!-- LOGIN FF -->
