<?xml version="1.0" encoding="UTF-8"?>
<!-- Generated by org.testng.reporters.JUnitXMLReporter -->
<testsuite hostname="Minh-Hoang" ignored="0" name="LOGIN FF" tests="1" failures="0" timestamp="03 Aug 2017 15:20:34 GMT" time="0.05" errors="0">
  <testcase name="@BeforeMethod init" time="0.041" classname="com.mh.ta.guice.TestPerson">
    <failure type="com.google.inject.CreationException" message="Unable to create injector, see the following errors:

1) A binding to com.mh.ta.core.config.FrameworkSettings was already configured at com.mh.ta.core.config.SettingModule.configure(SettingModule.java:27).
  at com.mh.ta.core.config.SettingModule.configure(SettingModule.java:27)

2) A binding to com.mh.ta.core.config.FrameworkSettings$DriverConfig annotated with @com.google.inject.name.Named(value=driver-config) was already configured at com.mh.ta.core.config.SettingModule.configure(SettingModule.java:28).
  at com.mh.ta.core.config.SettingModule.configure(SettingModule.java:28)

3) A binding to com.mh.ta.core.config.FrameworkSettings$SUTConfig annotated with @com.google.inject.name.Named(value=sut-config) was already configured at com.mh.ta.core.config.SettingModule.configure(SettingModule.java:30).
  at com.mh.ta.core.config.SettingModule.configure(SettingModule.java:30)

4) A binding to com.mh.ta.core.config.FrameworkSettings$DatabaseConfig annotated with @com.google.inject.name.Named(value=database-config) was already configured at com.mh.ta.core.config.SettingModule.configure(SettingModule.java:32).
  at com.mh.ta.core.config.SettingModule.configure(SettingModule.java:32)

4 errors">
      <![CDATA[com.google.inject.CreationException: Unable to create injector, see the following errors:

1) A binding to com.mh.ta.core.config.FrameworkSettings was already configured at com.mh.ta.core.config.SettingModule.configure(SettingModule.java:27).
  at com.mh.ta.core.config.SettingModule.configure(SettingModule.java:27)

2) A binding to com.mh.ta.core.config.FrameworkSettings$DriverConfig annotated with @com.google.inject.name.Named(value=driver-config) was already configured at com.mh.ta.core.config.SettingModule.configure(SettingModule.java:28).
  at com.mh.ta.core.config.SettingModule.configure(SettingModule.java:28)

3) A binding to com.mh.ta.core.config.FrameworkSettings$SUTConfig annotated with @com.google.inject.name.Named(value=sut-config) was already configured at com.mh.ta.core.config.SettingModule.configure(SettingModule.java:30).
  at com.mh.ta.core.config.SettingModule.configure(SettingModule.java:30)

4) A binding to com.mh.ta.core.config.FrameworkSettings$DatabaseConfig annotated with @com.google.inject.name.Named(value=database-config) was already configured at com.mh.ta.core.config.SettingModule.configure(SettingModule.java:32).
  at com.mh.ta.core.config.SettingModule.configure(SettingModule.java:32)

4 errors
	at com.google.inject.internal.Errors.throwCreationExceptionIfErrorsExist(Errors.java:470)
	at com.google.inject.internal.InternalInjectorCreator.initializeStatically(InternalInjectorCreator.java:155)
	at com.google.inject.internal.InternalInjectorCreator.build(InternalInjectorCreator.java:107)
	at com.google.inject.internal.InjectorImpl.createChildInjector(InjectorImpl.java:232)
	at com.google.inject.internal.InjectorImpl.createChildInjector(InjectorImpl.java:236)
	at com.mh.ta.guice.GuiceInjectFactory.createInject(GuiceInjectFactory.java:33)
	at com.mh.ta.guice.TestPerson.init(TestPerson.java:19)
... Removed 27 stack frames]]>
    </failure>
  </testcase> <!-- @BeforeMethod init -->
  <testcase name="test" time="0.0" classname="com.mh.ta.guice.TestPerson">
    <skipped/>
  </testcase> <!-- test -->
</testsuite> <!-- LOGIN FF -->
