<?xml version="1.0" encoding="UTF-8"?>
<!-- Generated by org.testng.reporters.JUnitXMLReporter -->
<testsuite hostname="minhhoang.local" ignored="0" name="com.mh.ta.login" tests="3" failures="0" timestamp="01 Jul 2017 10:30:30 GMT" time="26.715" errors="0">
  <testcase name="testGoToGooleAndNews1" time="8.155" classname="com.mh.ta.login.TestReflection"/>
  <testcase name="testGoToGooleAndNews2" time="12.611" classname="com.mh.ta.login.TestReflection"/>
  <testcase name="testPageFactory" time="2.802" classname="com.mh.ta.login.TestReflection"/>
</testsuite> <!-- com.mh.ta.login -->
