<?xml version="1.0" encoding="UTF-8"?>
<testng-results skipped="0" failed="0" ignored="0" total="1" passed="1">
  <reporter-output>
  </reporter-output>
  <suite name="Default suite" duration-ms="6868" started-at="2017-08-05T10:03:36Z" finished-at="2017-08-05T10:03:43Z">
    <groups>
    </groups>
    <test name="Default test" duration-ms="6868" started-at="2017-08-05T10:03:36Z" finished-at="2017-08-05T10:03:43Z">
      <class name="com.mh.ta.guice.TestConfig">
        <test-method status="PASS" signature="init()[pri:0, instance:com.mh.ta.guice.TestConfig@4566e5bd]" name="init" is-config="true" duration-ms="3788" started-at="2017-08-05T17:03:36Z" finished-at="2017-08-05T17:03:40Z">
          <reporter-output>
          </reporter-output>
        </test-method> <!-- init -->
        <test-method status="PASS" signature="testConfig()[pri:0, instance:com.mh.ta.guice.TestConfig@4566e5bd]" name="testConfig" duration-ms="2237" started-at="2017-08-05T17:03:40Z" finished-at="2017-08-05T17:03:42Z">
          <reporter-output>
          </reporter-output>
        </test-method> <!-- testConfig -->
        <test-method status="PASS" signature="close()[pri:0, instance:com.mh.ta.guice.TestConfig@4566e5bd]" name="close" is-config="true" duration-ms="829" started-at="2017-08-05T17:03:42Z" finished-at="2017-08-05T17:03:43Z">
          <reporter-output>
          </reporter-output>
        </test-method> <!-- close -->
      </class> <!-- com.mh.ta.guice.TestConfig -->
    </test> <!-- Default test -->
  </suite> <!-- Default suite -->
</testng-results>
